<?xml version="1.0" encoding="UTF-8"?>
<testsuite name="com.safedog.safedog.SafedogApplicationTests" tests="1" skipped="0" failures="0" errors="0" timestamp="2024-09-07T04:43:19" hostname="TRISOLARIS" time="11.36">
  <properties/>
  <testcase name="contextLoads()" classname="com.safedog.safedog.SafedogApplicationTests" time="11.36"/>
  <system-out><![CDATA[22:41:17.045 [Test worker] INFO org.springframework.test.context.support.AnnotationConfigContextLoaderUtils -- Could not detect default configuration classes for test class [com.safedog.safedog.SafedogApplicationTests]: SafedogApplicationTests does not declare any static, non-private, non-final, nested classes annotated with @Configuration.
22:41:18.886 [Test worker] INFO org.springframework.boot.test.context.SpringBootTestContextBootstrapper -- Found @SpringBootConfiguration com.safedog.safedog.SafedogApplication for test class com.safedog.safedog.SafedogApplicationTests

  .   ____          _            __ _ _
 /\\ / ___'_ __ _ _(_)_ __  __ _ \ \ \ \
( ( )\___ | '_ | '_| | '_ \/ _` | \ \ \ \
 \\/  ___)| |_)| | | | | || (_| |  ) ) ) )
  '  |____| .__|_| |_|_| |_\__, | / / / /
 =========|_|==============|___/=/_/_/_/

 :: Spring Boot ::                (v3.3.3)

2024-09-06T22:41:30.335-06:00  INFO 11404 --- [SAFEDOG] [    Test worker] c.s.safedog.SafedogApplicationTests      : Starting SafedogApplicationTests using Java 17.0.12 with PID 11404 (started by Earth in C:\Users\cavn\Desktop\safedog\safedog)
2024-09-06T22:41:30.344-06:00  INFO 11404 --- [SAFEDOG] [    Test worker] c.s.safedog.SafedogApplicationTests      : No active profile set, falling back to 1 default profile: "default"
2024-09-06T22:41:49.950-06:00  INFO 11404 --- [SAFEDOG] [    Test worker] .s.d.r.c.RepositoryConfigurationDelegate : Bootstrapping Spring Data JPA repositories in DEFAULT mode.
2024-09-06T22:41:52.442-06:00  INFO 11404 --- [SAFEDOG] [    Test worker] .s.d.r.c.RepositoryConfigurationDelegate : Finished Spring Data repository scanning in 2290 ms. Found 7 JPA repository interfaces.
2024-09-06T22:42:03.063-06:00  INFO 11404 --- [SAFEDOG] [    Test worker] o.hibernate.jpa.internal.util.LogHelper  : HHH000204: Processing PersistenceUnitInfo [name: default]
2024-09-06T22:42:04.207-06:00  INFO 11404 --- [SAFEDOG] [    Test worker] org.hibernate.Version                    : HHH000412: Hibernate ORM core version 6.5.2.Final
2024-09-06T22:42:05.715-06:00  INFO 11404 --- [SAFEDOG] [    Test worker] o.h.c.internal.RegionFactoryInitiator    : HHH000026: Second-level cache disabled
2024-09-06T22:42:12.066-06:00  INFO 11404 --- [SAFEDOG] [    Test worker] o.s.o.j.p.SpringPersistenceUnitInfo      : No LoadTimeWeaver setup: ignoring JPA class transformer
2024-09-06T22:42:12.703-06:00  INFO 11404 --- [SAFEDOG] [    Test worker] com.zaxxer.hikari.HikariDataSource       : HikariPool-1 - Starting...
2024-09-06T22:42:16.611-06:00  INFO 11404 --- [SAFEDOG] [    Test worker] com.zaxxer.hikari.pool.HikariPool        : HikariPool-1 - Added connection com.mysql.cj.jdbc.ConnectionImpl@4ca5cb99
2024-09-06T22:42:16.617-06:00  INFO 11404 --- [SAFEDOG] [    Test worker] com.zaxxer.hikari.HikariDataSource       : HikariPool-1 - Start completed.
2024-09-06T22:42:16.960-06:00  WARN 11404 --- [SAFEDOG] [    Test worker] org.hibernate.orm.deprecation            : HHH90000025: MySQLDialect does not need to be specified explicitly using 'hibernate.dialect' (remove the property setting and it will be selected by default)
2024-09-06T22:42:36.780-06:00  INFO 11404 --- [SAFEDOG] [    Test worker] o.h.e.t.j.p.i.JtaPlatformInitiator       : HHH000489: No JTA platform available (set 'hibernate.transaction.jta.platform' to enable JTA platform integration)
2024-09-06T22:42:37.533-06:00  INFO 11404 --- [SAFEDOG] [    Test worker] j.LocalContainerEntityManagerFactoryBean : Initialized JPA EntityManagerFactory for persistence unit 'default'
2024-09-06T22:42:44.465-06:00  INFO 11404 --- [SAFEDOG] [    Test worker] o.s.d.j.r.query.QueryEnhancerFactory     : Hibernate is in classpath; If applicable, HQL parser will be used.
2024-09-06T22:43:08.679-06:00  WARN 11404 --- [SAFEDOG] [    Test worker] JpaBaseConfiguration$JpaWebConfiguration : spring.jpa.open-in-view is enabled by default. Therefore, database queries may be performed during view rendering. Explicitly configure spring.jpa.open-in-view to disable this warning
2024-09-06T22:43:18.695-06:00  INFO 11404 --- [SAFEDOG] [    Test worker] c.s.safedog.SafedogApplicationTests      : Started SafedogApplicationTests in 117.212 seconds (process running for 138.18)
]]></system-out>
  <system-err><![CDATA[]]></system-err>
</testsuite>
